2025-01-30 13:14:25,650 - INFO - Connecting to Binance...
2025-01-30 13:14:25,892 - INFO - 
Starting Trading Bot
-------------------
Symbol: BTCUSDT
Interval: 1h
Short MA Period: 20
Long MA Period: 50
Trading Quantity: 0.001
        
2025-01-30 13:14:25,893 - INFO - Fetching historical data for BTCUSDT...
2025-01-30 13:14:26,246 - INFO - Historical data fetched successfully
2025-01-30 13:14:26,250 - INFO - Calculating trading signals...
2025-01-30 13:14:26,253 - INFO - Previous Signal: 1, Current Signal: 1
2025-01-30 13:14:26,253 - INFO - Waiting for next interval...
2025-01-30 13:15:26,263 - INFO - Fetching historical data for BTCUSDT...
2025-01-30 13:15:26,655 - INFO - Historical data fetched successfully
2025-01-30 13:15:26,659 - INFO - Calculating trading signals...
2025-01-30 13:15:26,661 - INFO - Previous Signal: 1, Current Signal: 1
2025-01-30 13:15:26,661 - INFO - Waiting for next interval...
2025-01-30 13:16:26,666 - INFO - Fetching historical data for BTCUSDT...
2025-01-30 13:16:26,981 - INFO - Historical data fetched successfully
2025-01-30 13:16:26,982 - INFO - Calculating trading signals...
2025-01-30 13:16:26,984 - INFO - Previous Signal: 1, Current Signal: 1
2025-01-30 13:16:26,984 - INFO - Waiting for next interval...
2025-01-30 13:17:26,997 - INFO - Fetching historical data for BTCUSDT...
2025-01-30 13:17:27,349 - INFO - Historical data fetched successfully
2025-01-30 13:17:27,354 - INFO - Calculating trading signals...
2025-01-30 13:17:27,361 - INFO - Previous Signal: 1, Current Signal: 1
2025-01-30 13:17:27,361 - INFO - Waiting for next interval...
2025-01-30 13:18:27,379 - INFO - Fetching historical data for BTCUSDT...
2025-01-30 13:18:27,790 - INFO - Historical data fetched successfully
2025-01-30 13:18:27,798 - INFO - Calculating trading signals...
2025-01-30 13:18:27,806 - INFO - Previous Signal: 1, Current Signal: 1
2025-01-30 13:18:27,806 - INFO - Waiting for next interval...
2025-01-30 13:19:27,821 - INFO - Fetching historical data for BTCUSDT...
2025-01-30 13:19:28,204 - INFO - Historical data fetched successfully
2025-01-30 13:19:28,209 - INFO - Calculating trading signals...
2025-01-30 13:19:28,215 - INFO - Previous Signal: 1, Current Signal: 1
2025-01-30 13:19:28,215 - INFO - Waiting for next interval...
2025-01-30 13:20:28,221 - INFO - Fetching historical data for BTCUSDT...
2025-01-30 13:20:28,559 - INFO - Historical data fetched successfully
2025-01-30 13:20:28,561 - INFO - Calculating trading signals...
2025-01-30 13:20:28,566 - INFO - Previous Signal: 1, Current Signal: 1
2025-01-30 13:20:28,567 - INFO - Waiting for next interval...
2025-01-30 13:21:28,569 - INFO - Fetching historical data for BTCUSDT...
2025-01-30 13:21:28,905 - INFO - Historical data fetched successfully
2025-01-30 13:21:28,908 - INFO - Calculating trading signals...
2025-01-30 13:21:28,914 - INFO - Previous Signal: 1, Current Signal: 1
2025-01-30 13:21:28,915 - INFO - Waiting for next interval...
2025-01-30 13:22:28,920 - INFO - Fetching historical data for BTCUSDT...
2025-01-30 13:22:29,270 - INFO - Historical data fetched successfully
2025-01-30 13:22:29,271 - INFO - Calculating trading signals...
2025-01-30 13:22:29,276 - INFO - Previous Signal: 1, Current Signal: 1
2025-01-30 13:22:29,276 - INFO - Waiting for next interval...
2025-01-30 13:23:29,267 - INFO - Fetching historical data for BTCUSDT...
2025-01-30 13:23:29,654 - INFO - Historical data fetched successfully
2025-01-30 13:23:29,661 - INFO - Calculating trading signals...
2025-01-30 13:23:29,667 - INFO - Previous Signal: 1, Current Signal: 1
2025-01-30 13:23:29,667 - INFO - Waiting for next interval...
2025-01-30 13:24:29,677 - INFO - Fetching historical data for BTCUSDT...
2025-01-30 13:24:30,036 - INFO - Historical data fetched successfully
2025-01-30 13:24:30,040 - INFO - Calculating trading signals...
2025-01-30 13:24:30,045 - INFO - Previous Signal: 1, Current Signal: 1
2025-01-30 13:24:30,045 - INFO - Waiting for next interval...
2025-01-30 13:25:30,056 - INFO - Fetching historical data for BTCUSDT...
2025-01-30 13:25:30,415 - INFO - Historical data fetched successfully
2025-01-30 13:25:30,417 - INFO - Calculating trading signals...
2025-01-30 13:25:30,422 - INFO - Previous Signal: 1, Current Signal: 1
2025-01-30 13:25:30,422 - INFO - Waiting for next interval...
2025-01-30 13:26:30,428 - INFO - Fetching historical data for BTCUSDT...
2025-01-30 13:26:30,769 - INFO - Historical data fetched successfully
2025-01-30 13:26:30,771 - INFO - Calculating trading signals...
2025-01-30 13:26:30,776 - INFO - Previous Signal: 1, Current Signal: 1
2025-01-30 13:26:30,777 - INFO - Waiting for next interval...
2025-01-30 13:27:30,785 - INFO - Fetching historical data for BTCUSDT...
2025-01-30 13:27:31,108 - INFO - Historical data fetched successfully
2025-01-30 13:27:31,109 - INFO - Calculating trading signals...
2025-01-30 13:27:31,112 - INFO - Previous Signal: 1, Current Signal: 1
2025-01-30 13:27:31,112 - INFO - Waiting for next interval...
2025-01-30 13:28:31,116 - INFO - Fetching historical data for BTCUSDT...
2025-01-30 13:28:31,458 - INFO - Historical data fetched successfully
2025-01-30 13:28:31,460 - INFO - Calculating trading signals...
2025-01-30 13:28:31,465 - INFO - Previous Signal: 1, Current Signal: 1
2025-01-30 13:28:31,465 - INFO - Waiting for next interval...
2025-01-30 13:29:31,473 - INFO - Fetching historical data for BTCUSDT...
2025-01-30 13:29:31,811 - INFO - Historical data fetched successfully
2025-01-30 13:29:31,814 - INFO - Calculating trading signals...
2025-01-30 13:29:31,820 - INFO - Previous Signal: 1, Current Signal: 1
2025-01-30 13:29:31,820 - INFO - Waiting for next interval...
2025-01-30 13:30:31,826 - INFO - Fetching historical data for BTCUSDT...
2025-01-30 13:30:32,159 - INFO - Historical data fetched successfully
2025-01-30 13:30:32,161 - INFO - Calculating trading signals...
2025-01-30 13:30:32,166 - INFO - Previous Signal: 1, Current Signal: 1
2025-01-30 13:30:32,166 - INFO - Waiting for next interval...
2025-01-30 13:31:32,176 - INFO - Fetching historical data for BTCUSDT...
2025-01-30 13:31:32,516 - INFO - Historical data fetched successfully
2025-01-30 13:31:32,519 - INFO - Calculating trading signals...
2025-01-30 13:31:32,536 - INFO - Previous Signal: 1, Current Signal: 1
2025-01-30 13:31:32,537 - INFO - Waiting for next interval...
2025-01-30 13:32:32,549 - INFO - Fetching historical data for BTCUSDT...
2025-01-30 13:32:32,897 - INFO - Historical data fetched successfully
2025-01-30 13:32:32,899 - INFO - Calculating trading signals...
2025-01-30 13:32:32,903 - INFO - Previous Signal: 1, Current Signal: 1
2025-01-30 13:32:32,903 - INFO - Waiting for next interval...
2025-01-30 13:33:32,910 - INFO - Fetching historical data for BTCUSDT...
2025-01-30 13:33:33,233 - INFO - Historical data fetched successfully
2025-01-30 13:33:33,234 - INFO - Calculating trading signals...
2025-01-30 13:33:33,239 - INFO - Previous Signal: 1, Current Signal: 1
2025-01-30 13:33:33,239 - INFO - Waiting for next interval...
2025-01-30 13:34:33,248 - INFO - Fetching historical data for BTCUSDT...
2025-01-30 13:34:33,606 - INFO - Historical data fetched successfully
2025-01-30 13:34:33,614 - INFO - Calculating trading signals...
2025-01-30 13:34:33,620 - INFO - Previous Signal: 1, Current Signal: 1
2025-01-30 13:34:33,620 - INFO - Waiting for next interval...
2025-01-30 13:35:33,628 - INFO - Fetching historical data for BTCUSDT...
2025-01-30 13:35:33,977 - INFO - Historical data fetched successfully
2025-01-30 13:35:33,979 - INFO - Calculating trading signals...
2025-01-30 13:35:33,983 - INFO - Previous Signal: 1, Current Signal: 1
2025-01-30 13:35:33,984 - INFO - Waiting for next interval...
2025-01-30 13:36:33,990 - INFO - Fetching historical data for BTCUSDT...
2025-01-30 13:36:34,327 - INFO - Historical data fetched successfully
2025-01-30 13:36:34,328 - INFO - Calculating trading signals...
2025-01-30 13:36:34,332 - INFO - Previous Signal: 1, Current Signal: 1
2025-01-30 13:36:34,332 - INFO - Waiting for next interval...
2025-01-30 13:37:34,341 - INFO - Fetching historical data for BTCUSDT...
2025-01-30 13:37:34,686 - INFO - Historical data fetched successfully
2025-01-30 13:37:34,688 - INFO - Calculating trading signals...
2025-01-30 13:37:34,695 - INFO - Previous Signal: 1, Current Signal: 1
2025-01-30 13:37:34,695 - INFO - Waiting for next interval...
2025-01-30 13:38:34,705 - INFO - Fetching historical data for BTCUSDT...
2025-01-30 13:38:35,038 - INFO - Historical data fetched successfully
2025-01-30 13:38:35,041 - INFO - Calculating trading signals...
2025-01-30 13:38:35,047 - INFO - Previous Signal: 1, Current Signal: 1
2025-01-30 13:38:35,047 - INFO - Waiting for next interval...
2025-01-30 13:39:35,056 - INFO - Fetching historical data for BTCUSDT...
2025-01-30 13:39:35,387 - INFO - Historical data fetched successfully
2025-01-30 13:39:35,390 - INFO - Calculating trading signals...
2025-01-30 13:39:35,396 - INFO - Previous Signal: 1, Current Signal: 1
2025-01-30 13:39:35,396 - INFO - Waiting for next interval...
2025-01-30 13:40:35,410 - INFO - Fetching historical data for BTCUSDT...
2025-01-30 13:40:35,791 - INFO - Historical data fetched successfully
2025-01-30 13:40:35,794 - INFO - Calculating trading signals...
2025-01-30 13:40:35,802 - INFO - Previous Signal: 1, Current Signal: 1
2025-01-30 13:40:35,803 - INFO - Waiting for next interval...
2025-01-30 13:41:35,812 - INFO - Fetching historical data for BTCUSDT...
2025-01-30 13:41:36,148 - INFO - Historical data fetched successfully
2025-01-30 13:41:36,150 - INFO - Calculating trading signals...
2025-01-30 13:41:36,156 - INFO - Previous Signal: 1, Current Signal: 1
2025-01-30 13:41:36,156 - INFO - Waiting for next interval...
2025-01-30 13:42:36,167 - INFO - Fetching historical data for BTCUSDT...
2025-01-30 13:42:36,500 - INFO - Historical data fetched successfully
2025-01-30 13:42:36,503 - INFO - Calculating trading signals...
2025-01-30 13:42:36,509 - INFO - Previous Signal: 1, Current Signal: 1
2025-01-30 13:42:36,509 - INFO - Waiting for next interval...
2025-01-30 13:43:36,515 - INFO - Fetching historical data for BTCUSDT...
2025-01-30 13:43:36,883 - INFO - Historical data fetched successfully
2025-01-30 13:43:36,886 - INFO - Calculating trading signals...
2025-01-30 13:43:36,890 - INFO - Previous Signal: 1, Current Signal: 1
2025-01-30 13:43:36,891 - INFO - Waiting for next interval...
2025-01-30 13:44:36,901 - INFO - Fetching historical data for BTCUSDT...
2025-01-30 13:44:37,261 - INFO - Historical data fetched successfully
2025-01-30 13:44:37,263 - INFO - Calculating trading signals...
2025-01-30 13:44:37,284 - INFO - Previous Signal: 1, Current Signal: 1
2025-01-30 13:44:37,284 - INFO - Waiting for next interval...
2025-01-30 13:45:37,294 - INFO - Fetching historical data for BTCUSDT...
2025-01-30 13:45:37,628 - INFO - Historical data fetched successfully
2025-01-30 13:45:37,632 - INFO - Calculating trading signals...
2025-01-30 13:45:37,637 - INFO - Previous Signal: 1, Current Signal: 1
2025-01-30 13:45:37,637 - INFO - Waiting for next interval...
2025-01-30 13:46:37,645 - INFO - Fetching historical data for BTCUSDT...
2025-01-30 13:46:37,961 - INFO - Historical data fetched successfully
2025-01-30 13:46:37,962 - INFO - Calculating trading signals...
2025-01-30 13:46:37,966 - INFO - Previous Signal: 1, Current Signal: 1
2025-01-30 13:46:37,966 - INFO - Waiting for next interval...
2025-01-30 13:47:37,973 - INFO - Fetching historical data for BTCUSDT...
2025-01-30 13:47:38,315 - INFO - Historical data fetched successfully
2025-01-30 13:47:38,317 - INFO - Calculating trading signals...
2025-01-30 13:47:38,323 - INFO - Previous Signal: 1, Current Signal: 1
2025-01-30 13:47:38,323 - INFO - Waiting for next interval...
2025-01-30 14:09:00,170 - INFO - Fetching historical data for BTCUSDT...
2025-01-30 14:09:00,237 - ERROR - Error fetching historical data: ('Connection aborted.', ConnectionResetError(54, 'Connection reset by peer'))
2025-01-30 14:09:00,241 - INFO - Waiting for next interval...
2025-01-30 14:10:13,729 - INFO - Fetching historical data for BTCUSDT...
2025-01-30 14:10:14,233 - INFO - Historical data fetched successfully
2025-01-30 14:10:14,240 - INFO - Calculating trading signals...
2025-01-30 14:10:14,246 - INFO - Previous Signal: 1, Current Signal: 1
2025-01-30 14:10:14,246 - INFO - Waiting for next interval...
2025-01-30 14:11:14,251 - INFO - Fetching historical data for BTCUSDT...
2025-01-30 14:11:14,600 - INFO - Historical data fetched successfully
2025-01-30 14:11:14,601 - INFO - Calculating trading signals...
2025-01-30 14:11:14,606 - INFO - Previous Signal: 1, Current Signal: 1
2025-01-30 14:11:14,606 - INFO - Waiting for next interval...
2025-01-30 14:12:14,619 - INFO - Fetching historical data for BTCUSDT...
2025-01-30 14:12:15,016 - INFO - Historical data fetched successfully
2025-01-30 14:12:15,023 - INFO - Calculating trading signals...
2025-01-30 14:12:15,030 - INFO - Previous Signal: 1, Current Signal: 1
2025-01-30 14:12:15,030 - INFO - Waiting for next interval...
2025-01-30 14:13:15,043 - INFO - Fetching historical data for BTCUSDT...
2025-01-30 14:13:15,440 - INFO - Historical data fetched successfully
2025-01-30 14:13:15,449 - INFO - Calculating trading signals...
2025-01-30 14:13:15,455 - INFO - Previous Signal: 1, Current Signal: 1
2025-01-30 14:13:15,455 - INFO - Waiting for next interval...
2025-01-30 14:14:15,461 - INFO - Fetching historical data for BTCUSDT...
2025-01-30 14:14:15,797 - INFO - Historical data fetched successfully
2025-01-30 14:14:15,799 - INFO - Calculating trading signals...
2025-01-30 14:14:15,809 - INFO - Previous Signal: 1, Current Signal: 1
2025-01-30 14:14:15,810 - INFO - Waiting for next interval...
2025-01-30 14:15:15,812 - INFO - Fetching historical data for BTCUSDT...
2025-01-30 14:15:16,137 - INFO - Historical data fetched successfully
2025-01-30 14:15:16,140 - INFO - Calculating trading signals...
2025-01-30 14:15:16,144 - INFO - Previous Signal: 1, Current Signal: 1
2025-01-30 14:15:16,145 - INFO - Waiting for next interval...
2025-01-30 14:16:16,150 - INFO - Fetching historical data for BTCUSDT...
2025-01-30 14:16:16,521 - INFO - Historical data fetched successfully
2025-01-30 14:16:16,523 - INFO - Calculating trading signals...
2025-01-30 14:16:16,526 - INFO - Previous Signal: 1, Current Signal: 1
2025-01-30 14:16:16,527 - INFO - Waiting for next interval...
2025-01-30 14:17:16,530 - INFO - Fetching historical data for BTCUSDT...
2025-01-30 14:17:16,898 - INFO - Historical data fetched successfully
2025-01-30 14:17:16,900 - INFO - Calculating trading signals...
2025-01-30 14:17:16,906 - INFO - Previous Signal: 1, Current Signal: 1
2025-01-30 14:17:16,906 - INFO - Waiting for next interval...
2025-01-30 14:18:16,902 - INFO - Fetching historical data for BTCUSDT...
2025-01-30 14:18:17,223 - INFO - Historical data fetched successfully
2025-01-30 14:18:17,224 - INFO - Calculating trading signals...
2025-01-30 14:18:17,228 - INFO - Previous Signal: 1, Current Signal: 1
2025-01-30 14:18:17,228 - INFO - Waiting for next interval...
2025-01-30 14:19:17,231 - INFO - Fetching historical data for BTCUSDT...
2025-01-30 14:19:17,571 - INFO - Historical data fetched successfully
2025-01-30 14:19:17,573 - INFO - Calculating trading signals...
2025-01-30 14:19:17,577 - INFO - Previous Signal: 1, Current Signal: 1
2025-01-30 14:19:17,577 - INFO - Waiting for next interval...
2025-01-30 14:20:17,578 - INFO - Fetching historical data for BTCUSDT...
2025-01-30 14:20:17,903 - INFO - Historical data fetched successfully
2025-01-30 14:20:17,904 - INFO - Calculating trading signals...
2025-01-30 14:20:17,908 - INFO - Previous Signal: 1, Current Signal: 1
2025-01-30 14:20:17,908 - INFO - Waiting for next interval...
2025-01-30 14:21:17,913 - INFO - Fetching historical data for BTCUSDT...
2025-01-30 14:21:18,268 - INFO - Historical data fetched successfully
2025-01-30 14:21:18,271 - INFO - Calculating trading signals...
2025-01-30 14:21:18,276 - INFO - Previous Signal: 1, Current Signal: 1
2025-01-30 14:21:18,276 - INFO - Waiting for next interval...
2025-01-30 14:22:18,281 - INFO - Fetching historical data for BTCUSDT...
2025-01-30 14:22:18,610 - INFO - Historical data fetched successfully
2025-01-30 14:22:18,611 - INFO - Calculating trading signals...
2025-01-30 14:22:18,616 - INFO - Previous Signal: 1, Current Signal: 1
2025-01-30 14:22:18,616 - INFO - Waiting for next interval...
2025-01-30 14:23:18,621 - INFO - Fetching historical data for BTCUSDT...
2025-01-30 14:23:18,949 - INFO - Historical data fetched successfully
2025-01-30 14:23:18,952 - INFO - Calculating trading signals...
2025-01-30 14:23:18,958 - INFO - Previous Signal: 1, Current Signal: 1
2025-01-30 14:23:18,958 - INFO - Waiting for next interval...
2025-01-30 14:24:18,961 - INFO - Fetching historical data for BTCUSDT...
2025-01-30 14:24:19,301 - INFO - Historical data fetched successfully
2025-01-30 14:24:19,302 - INFO - Calculating trading signals...
2025-01-30 14:24:19,303 - INFO - Previous Signal: 1, Current Signal: 1
2025-01-30 14:24:19,303 - INFO - Waiting for next interval...
2025-01-30 14:25:19,308 - INFO - Fetching historical data for BTCUSDT...
2025-01-30 14:25:19,635 - INFO - Historical data fetched successfully
2025-01-30 14:25:19,636 - INFO - Calculating trading signals...
2025-01-30 14:25:19,639 - INFO - Previous Signal: 1, Current Signal: 1
2025-01-30 14:25:19,639 - INFO - Waiting for next interval...
2025-01-30 14:26:19,644 - INFO - Fetching historical data for BTCUSDT...
2025-01-30 14:26:19,974 - INFO - Historical data fetched successfully
2025-01-30 14:26:19,975 - INFO - Calculating trading signals...
2025-01-30 14:26:19,978 - INFO - Previous Signal: 1, Current Signal: 1
2025-01-30 14:26:19,978 - INFO - Waiting for next interval...
2025-01-30 14:27:19,981 - INFO - Fetching historical data for BTCUSDT...
2025-01-30 14:27:20,303 - INFO - Historical data fetched successfully
2025-01-30 14:27:20,305 - INFO - Calculating trading signals...
2025-01-30 14:27:20,308 - INFO - Previous Signal: 1, Current Signal: 1
2025-01-30 14:27:20,308 - INFO - Waiting for next interval...
2025-01-30 14:28:20,313 - INFO - Fetching historical data for BTCUSDT...
2025-01-30 14:28:20,640 - INFO - Historical data fetched successfully
2025-01-30 14:28:20,643 - INFO - Calculating trading signals...
2025-01-30 14:28:20,646 - INFO - Previous Signal: 1, Current Signal: 1
2025-01-30 14:28:20,646 - INFO - Waiting for next interval...
2025-01-30 14:29:20,651 - INFO - Fetching historical data for BTCUSDT...
2025-01-30 14:29:20,987 - INFO - Historical data fetched successfully
2025-01-30 14:29:20,989 - INFO - Calculating trading signals...
2025-01-30 14:29:20,993 - INFO - Previous Signal: 1, Current Signal: 1
2025-01-30 14:29:20,993 - INFO - Waiting for next interval...
2025-01-30 14:30:20,998 - INFO - Fetching historical data for BTCUSDT...
2025-01-30 14:30:21,323 - INFO - Historical data fetched successfully
2025-01-30 14:30:21,325 - INFO - Calculating trading signals...
2025-01-30 14:30:21,328 - INFO - Previous Signal: 1, Current Signal: 1
2025-01-30 14:30:21,328 - INFO - Waiting for next interval...
2025-01-30 14:31:21,333 - INFO - Fetching historical data for BTCUSDT...
2025-01-30 14:31:21,673 - INFO - Historical data fetched successfully
2025-01-30 14:31:21,675 - INFO - Calculating trading signals...
2025-01-30 14:31:21,678 - INFO - Previous Signal: 1, Current Signal: 1
2025-01-30 14:31:21,678 - INFO - Waiting for next interval...
2025-01-30 14:32:21,683 - INFO - Fetching historical data for BTCUSDT...
2025-01-30 14:32:22,005 - INFO - Historical data fetched successfully
2025-01-30 14:32:22,007 - INFO - Calculating trading signals...
2025-01-30 14:32:22,010 - INFO - Previous Signal: 1, Current Signal: 1
2025-01-30 14:32:22,010 - INFO - Waiting for next interval...
2025-01-30 14:33:22,019 - INFO - Fetching historical data for BTCUSDT...
2025-01-30 14:33:22,347 - INFO - Historical data fetched successfully
2025-01-30 14:33:22,349 - INFO - Calculating trading signals...
2025-01-30 14:33:22,352 - INFO - Previous Signal: 1, Current Signal: 1
2025-01-30 14:33:22,352 - INFO - Waiting for next interval...
2025-01-30 14:34:22,365 - INFO - Fetching historical data for BTCUSDT...
2025-01-30 14:34:22,713 - INFO - Historical data fetched successfully
2025-01-30 14:34:22,720 - INFO - Calculating trading signals...
2025-01-30 14:34:22,725 - INFO - Previous Signal: 1, Current Signal: 1
2025-01-30 14:34:22,725 - INFO - Waiting for next interval...
2025-01-30 14:35:22,754 - INFO - Fetching historical data for BTCUSDT...
2025-01-30 14:35:23,101 - INFO - Historical data fetched successfully
2025-01-30 14:35:23,102 - INFO - Calculating trading signals...
2025-01-30 14:35:23,105 - INFO - Previous Signal: 1, Current Signal: 1
2025-01-30 14:35:23,105 - INFO - Waiting for next interval...
2025-01-30 14:36:23,109 - INFO - Fetching historical data for BTCUSDT...
2025-01-30 14:36:23,449 - INFO - Historical data fetched successfully
2025-01-30 14:36:23,453 - INFO - Calculating trading signals...
2025-01-30 14:36:23,462 - INFO - Previous Signal: 1, Current Signal: 1
2025-01-30 14:36:23,462 - INFO - Waiting for next interval...
2025-01-30 14:37:23,467 - INFO - Fetching historical data for BTCUSDT...
2025-01-30 14:37:23,795 - INFO - Historical data fetched successfully
2025-01-30 14:37:23,797 - INFO - Calculating trading signals...
2025-01-30 14:37:23,800 - INFO - Previous Signal: 1, Current Signal: 1
2025-01-30 14:37:23,800 - INFO - Waiting for next interval...
2025-01-30 14:38:23,805 - INFO - Fetching historical data for BTCUSDT...
2025-01-30 14:38:24,135 - INFO - Historical data fetched successfully
2025-01-30 14:38:24,137 - INFO - Calculating trading signals...
2025-01-30 14:38:24,140 - INFO - Previous Signal: 1, Current Signal: 1
2025-01-30 14:38:24,140 - INFO - Waiting for next interval...
2025-01-30 14:39:24,142 - INFO - Fetching historical data for BTCUSDT...
2025-01-30 14:39:24,478 - INFO - Historical data fetched successfully
2025-01-30 14:39:24,480 - INFO - Calculating trading signals...
2025-01-30 14:39:24,483 - INFO - Previous Signal: 1, Current Signal: 1
2025-01-30 14:39:24,483 - INFO - Waiting for next interval...
2025-01-30 14:40:24,488 - INFO - Fetching historical data for BTCUSDT...
2025-01-30 14:40:24,799 - INFO - Historical data fetched successfully
2025-01-30 14:40:24,801 - INFO - Calculating trading signals...
2025-01-30 14:40:24,804 - INFO - Previous Signal: 1, Current Signal: 1
2025-01-30 14:40:24,804 - INFO - Waiting for next interval...
2025-01-30 14:41:24,815 - INFO - Fetching historical data for BTCUSDT...
2025-01-30 14:41:25,217 - INFO - Historical data fetched successfully
2025-01-30 14:41:25,222 - INFO - Calculating trading signals...
2025-01-30 14:41:25,228 - INFO - Previous Signal: 1, Current Signal: 1
2025-01-30 14:41:25,228 - INFO - Waiting for next interval...
2025-01-30 14:42:25,246 - INFO - Fetching historical data for BTCUSDT...
2025-01-30 14:42:25,806 - INFO - Historical data fetched successfully
2025-01-30 14:42:25,832 - INFO - Calculating trading signals...
2025-01-30 14:42:25,848 - INFO - Previous Signal: 1, Current Signal: 1
2025-01-30 14:42:25,848 - INFO - Waiting for next interval...
2025-01-30 14:43:25,856 - INFO - Fetching historical data for BTCUSDT...
2025-01-30 14:43:26,274 - INFO - Historical data fetched successfully
2025-01-30 14:43:26,283 - INFO - Calculating trading signals...
2025-01-30 14:43:26,289 - INFO - Previous Signal: 1, Current Signal: 1
2025-01-30 14:43:26,289 - INFO - Waiting for next interval...
2025-01-30 14:44:26,295 - INFO - Fetching historical data for BTCUSDT...
2025-01-30 14:44:26,679 - INFO - Historical data fetched successfully
2025-01-30 14:44:26,685 - INFO - Calculating trading signals...
2025-01-30 14:44:26,690 - INFO - Previous Signal: 1, Current Signal: 1
2025-01-30 14:44:26,691 - INFO - Waiting for next interval...
2025-01-30 14:45:26,695 - INFO - Fetching historical data for BTCUSDT...
2025-01-30 14:45:27,079 - INFO - Historical data fetched successfully
2025-01-30 14:45:27,082 - INFO - Calculating trading signals...
2025-01-30 14:45:27,086 - INFO - Previous Signal: 1, Current Signal: 1
2025-01-30 14:45:27,086 - INFO - Waiting for next interval...
2025-01-30 14:46:27,097 - INFO - Fetching historical data for BTCUSDT...
2025-01-30 14:46:27,487 - INFO - Historical data fetched successfully
2025-01-30 14:46:27,496 - INFO - Calculating trading signals...
2025-01-30 14:46:27,502 - INFO - Previous Signal: 1, Current Signal: 1
2025-01-30 14:46:27,503 - INFO - Waiting for next interval...
2025-01-30 14:47:27,507 - INFO - Fetching historical data for BTCUSDT...
2025-01-30 14:47:27,884 - INFO - Historical data fetched successfully
2025-01-30 14:47:27,886 - INFO - Calculating trading signals...
2025-01-30 14:47:27,890 - INFO - Previous Signal: 1, Current Signal: 1
2025-01-30 14:47:27,890 - INFO - Waiting for next interval...
2025-01-30 14:48:27,900 - INFO - Fetching historical data for BTCUSDT...
2025-01-30 14:48:28,248 - INFO - Historical data fetched successfully
2025-01-30 14:48:28,250 - INFO - Calculating trading signals...
2025-01-30 14:48:28,254 - INFO - Previous Signal: 1, Current Signal: 1
2025-01-30 14:48:28,254 - INFO - Waiting for next interval...
2025-01-30 14:49:28,264 - INFO - Fetching historical data for BTCUSDT...
2025-01-30 14:49:28,643 - INFO - Historical data fetched successfully
2025-01-30 14:49:28,646 - INFO - Calculating trading signals...
2025-01-30 14:49:28,650 - INFO - Previous Signal: 1, Current Signal: 1
2025-01-30 14:49:28,650 - INFO - Waiting for next interval...
2025-01-30 14:50:28,654 - INFO - Fetching historical data for BTCUSDT...
2025-01-30 14:50:29,011 - INFO - Historical data fetched successfully
2025-01-30 14:50:29,013 - INFO - Calculating trading signals...
2025-01-30 14:50:29,017 - INFO - Previous Signal: 1, Current Signal: 1
2025-01-30 14:50:29,017 - INFO - Waiting for next interval...
2025-01-30 14:51:29,040 - INFO - Fetching historical data for BTCUSDT...
2025-01-30 14:51:29,412 - INFO - Historical data fetched successfully
2025-01-30 14:51:29,414 - INFO - Calculating trading signals...
2025-01-30 14:51:29,417 - INFO - Previous Signal: 1, Current Signal: 1
2025-01-30 14:51:29,418 - INFO - Waiting for next interval...
2025-01-30 14:52:29,423 - INFO - Fetching historical data for BTCUSDT...
2025-01-30 14:52:29,750 - INFO - Historical data fetched successfully
2025-01-30 14:52:29,751 - INFO - Calculating trading signals...
2025-01-30 14:52:29,755 - INFO - Previous Signal: 1, Current Signal: 1
2025-01-30 14:52:29,755 - INFO - Waiting for next interval...
2025-01-30 14:53:29,761 - INFO - Fetching historical data for BTCUSDT...
2025-01-30 14:53:30,125 - INFO - Historical data fetched successfully
2025-01-30 14:53:30,128 - INFO - Calculating trading signals...
2025-01-30 14:53:30,140 - INFO - Previous Signal: 1, Current Signal: 1
2025-01-30 14:53:30,141 - INFO - Waiting for next interval...
2025-01-30 14:54:30,146 - INFO - Fetching historical data for BTCUSDT...
2025-01-30 14:54:30,488 - INFO - Historical data fetched successfully
2025-01-30 14:54:30,490 - INFO - Calculating trading signals...
2025-01-30 14:54:30,494 - INFO - Previous Signal: 1, Current Signal: 1
2025-01-30 14:54:30,494 - INFO - Waiting for next interval...
2025-01-30 14:55:30,500 - INFO - Fetching historical data for BTCUSDT...
2025-01-30 14:55:30,843 - INFO - Historical data fetched successfully
2025-01-30 14:55:30,845 - INFO - Calculating trading signals...
2025-01-30 14:55:30,850 - INFO - Previous Signal: 1, Current Signal: 1
2025-01-30 14:55:30,850 - INFO - Waiting for next interval...
2025-01-30 14:56:30,858 - INFO - Fetching historical data for BTCUSDT...
2025-01-30 14:56:31,278 - INFO - Historical data fetched successfully
2025-01-30 14:56:31,281 - INFO - Calculating trading signals...
2025-01-30 14:56:31,286 - INFO - Previous Signal: 1, Current Signal: 1
2025-01-30 14:56:31,286 - INFO - Waiting for next interval...
2025-01-30 14:57:31,296 - INFO - Fetching historical data for BTCUSDT...
2025-01-30 14:57:31,636 - INFO - Historical data fetched successfully
2025-01-30 14:57:31,638 - INFO - Calculating trading signals...
2025-01-30 14:57:31,643 - INFO - Previous Signal: 1, Current Signal: 1
2025-01-30 14:57:31,643 - INFO - Waiting for next interval...
2025-01-30 14:58:31,648 - INFO - Fetching historical data for BTCUSDT...
2025-01-30 14:58:31,996 - INFO - Historical data fetched successfully
2025-01-30 14:58:31,998 - INFO - Calculating trading signals...
2025-01-30 14:58:32,002 - INFO - Previous Signal: 1, Current Signal: 1
2025-01-30 14:58:32,003 - INFO - Waiting for next interval...
2025-01-30 14:59:32,011 - INFO - Fetching historical data for BTCUSDT...
2025-01-30 14:59:32,346 - INFO - Historical data fetched successfully
2025-01-30 14:59:32,349 - INFO - Calculating trading signals...
2025-01-30 14:59:32,353 - INFO - Previous Signal: 1, Current Signal: 1
2025-01-30 14:59:32,353 - INFO - Waiting for next interval...
2025-01-30 15:00:32,357 - INFO - Fetching historical data for BTCUSDT...
2025-01-30 15:00:32,694 - INFO - Historical data fetched successfully
2025-01-30 15:00:32,696 - INFO - Calculating trading signals...
2025-01-30 15:00:32,701 - INFO - Previous Signal: 1, Current Signal: 1
2025-01-30 15:00:32,702 - INFO - Waiting for next interval...
2025-01-30 15:01:32,705 - INFO - Fetching historical data for BTCUSDT...
2025-01-30 15:01:33,065 - INFO - Historical data fetched successfully
2025-01-30 15:01:33,068 - INFO - Calculating trading signals...
2025-01-30 15:01:33,072 - INFO - Previous Signal: 1, Current Signal: 1
2025-01-30 15:01:33,072 - INFO - Waiting for next interval...
2025-01-30 15:02:33,076 - INFO - Fetching historical data for BTCUSDT...
2025-01-30 15:02:33,429 - INFO - Historical data fetched successfully
2025-01-30 15:02:33,431 - INFO - Calculating trading signals...
2025-01-30 15:02:33,435 - INFO - Previous Signal: 1, Current Signal: 1
2025-01-30 15:02:33,435 - INFO - Waiting for next interval...
2025-01-30 15:03:33,443 - INFO - Fetching historical data for BTCUSDT...
2025-01-30 15:03:33,775 - INFO - Historical data fetched successfully
2025-01-30 15:03:33,776 - INFO - Calculating trading signals...
2025-01-30 15:03:33,777 - INFO - Previous Signal: 1, Current Signal: 1
2025-01-30 15:03:33,777 - INFO - Waiting for next interval...
2025-01-30 15:04:33,815 - INFO - Fetching historical data for BTCUSDT...
2025-01-30 15:04:34,160 - INFO - Historical data fetched successfully
2025-01-30 15:04:34,162 - INFO - Calculating trading signals...
2025-01-30 15:04:34,166 - INFO - Previous Signal: 1, Current Signal: 1
2025-01-30 15:04:34,167 - INFO - Waiting for next interval...
2025-01-30 15:05:34,174 - INFO - Fetching historical data for BTCUSDT...
2025-01-30 15:05:34,561 - INFO - Historical data fetched successfully
2025-01-30 15:05:34,567 - INFO - Calculating trading signals...
2025-01-30 15:05:34,641 - INFO - Previous Signal: 1, Current Signal: 1
2025-01-30 15:05:34,642 - INFO - Waiting for next interval...
2025-01-30 15:06:34,649 - INFO - Fetching historical data for BTCUSDT...
2025-01-30 15:06:35,011 - INFO - Historical data fetched successfully
2025-01-30 15:06:35,014 - INFO - Calculating trading signals...
2025-01-30 15:06:35,021 - INFO - Previous Signal: 1, Current Signal: 1
2025-01-30 15:06:35,022 - INFO - Waiting for next interval...
2025-01-30 15:07:35,027 - INFO - Fetching historical data for BTCUSDT...
2025-01-30 15:07:35,370 - INFO - Historical data fetched successfully
2025-01-30 15:07:35,372 - INFO - Calculating trading signals...
2025-01-30 15:07:35,376 - INFO - Previous Signal: 1, Current Signal: 1
2025-01-30 15:07:35,377 - INFO - Waiting for next interval...
2025-01-30 15:08:35,381 - INFO - Fetching historical data for BTCUSDT...
2025-01-30 15:08:35,703 - INFO - Historical data fetched successfully
2025-01-30 15:08:35,705 - INFO - Calculating trading signals...
2025-01-30 15:08:35,710 - INFO - Previous Signal: 1, Current Signal: 1
2025-01-30 15:08:35,710 - INFO - Waiting for next interval...
2025-01-30 15:09:35,713 - INFO - Fetching historical data for BTCUSDT...
2025-01-30 15:09:36,043 - INFO - Historical data fetched successfully
2025-01-30 15:09:36,045 - INFO - Calculating trading signals...
2025-01-30 15:09:36,049 - INFO - Previous Signal: 1, Current Signal: 1
2025-01-30 15:09:36,050 - INFO - Waiting for next interval...
2025-01-30 15:10:36,053 - INFO - Fetching historical data for BTCUSDT...
2025-01-30 15:10:36,400 - INFO - Historical data fetched successfully
2025-01-30 15:10:36,401 - INFO - Calculating trading signals...
2025-01-30 15:10:36,405 - INFO - Previous Signal: 1, Current Signal: 1
2025-01-30 15:10:36,405 - INFO - Waiting for next interval...
2025-01-30 15:11:36,410 - INFO - Fetching historical data for BTCUSDT...
2025-01-30 15:11:36,746 - INFO - Historical data fetched successfully
2025-01-30 15:11:36,750 - INFO - Calculating trading signals...
2025-01-30 15:11:36,754 - INFO - Previous Signal: 1, Current Signal: 1
2025-01-30 15:11:36,755 - INFO - Waiting for next interval...
2025-01-30 15:12:36,760 - INFO - Fetching historical data for BTCUSDT...
2025-01-30 15:12:37,078 - INFO - Historical data fetched successfully
2025-01-30 15:12:37,079 - INFO - Calculating trading signals...
2025-01-30 15:12:37,082 - INFO - Previous Signal: 1, Current Signal: 1
2025-01-30 15:12:37,083 - INFO - Waiting for next interval...
2025-01-30 15:13:37,094 - INFO - Fetching historical data for BTCUSDT...
2025-01-30 15:13:37,420 - INFO - Historical data fetched successfully
2025-01-30 15:13:37,422 - INFO - Calculating trading signals...
2025-01-30 15:13:37,427 - INFO - Previous Signal: 1, Current Signal: 1
2025-01-30 15:13:37,427 - INFO - Waiting for next interval...
2025-01-30 15:14:37,433 - INFO - Fetching historical data for BTCUSDT...
2025-01-30 15:14:37,779 - INFO - Historical data fetched successfully
2025-01-30 15:14:37,781 - INFO - Calculating trading signals...
2025-01-30 15:14:37,784 - INFO - Previous Signal: 1, Current Signal: 1
2025-01-30 15:14:37,784 - INFO - Waiting for next interval...
2025-01-30 15:15:37,790 - INFO - Fetching historical data for BTCUSDT...
2025-01-30 15:15:38,128 - INFO - Historical data fetched successfully
2025-01-30 15:15:38,130 - INFO - Calculating trading signals...
2025-01-30 15:15:38,134 - INFO - Previous Signal: 1, Current Signal: 1
2025-01-30 15:15:38,135 - INFO - Waiting for next interval...
2025-01-30 15:16:38,140 - INFO - Fetching historical data for BTCUSDT...
2025-01-30 15:16:38,495 - INFO - Historical data fetched successfully
2025-01-30 15:16:38,497 - INFO - Calculating trading signals...
2025-01-30 15:16:38,502 - INFO - Previous Signal: 1, Current Signal: 1
2025-01-30 15:16:38,502 - INFO - Waiting for next interval...
2025-01-30 15:17:38,507 - INFO - Fetching historical data for BTCUSDT...
2025-01-30 15:17:38,862 - INFO - Historical data fetched successfully
2025-01-30 15:17:38,864 - INFO - Calculating trading signals...
2025-01-30 15:17:38,870 - INFO - Previous Signal: 1, Current Signal: 1
2025-01-30 15:17:38,870 - INFO - Waiting for next interval...
2025-01-30 15:18:38,891 - INFO - Fetching historical data for BTCUSDT...
2025-01-30 15:18:39,299 - INFO - Historical data fetched successfully
2025-01-30 15:18:39,306 - INFO - Calculating trading signals...
2025-01-30 15:18:39,313 - INFO - Previous Signal: 1, Current Signal: 1
2025-01-30 15:18:39,313 - INFO - Waiting for next interval...
2025-01-30 15:19:39,332 - INFO - Fetching historical data for BTCUSDT...
2025-01-30 15:19:39,684 - INFO - Historical data fetched successfully
2025-01-30 15:19:39,687 - INFO - Calculating trading signals...
2025-01-30 15:19:39,693 - INFO - Previous Signal: 1, Current Signal: 1
2025-01-30 15:19:39,693 - INFO - Waiting for next interval...
2025-01-30 15:20:39,712 - INFO - Fetching historical data for BTCUSDT...
2025-01-30 15:20:40,110 - INFO - Historical data fetched successfully
2025-01-30 15:20:40,118 - INFO - Calculating trading signals...
2025-01-30 15:20:40,125 - INFO - Previous Signal: 1, Current Signal: 1
2025-01-30 15:20:40,125 - INFO - Waiting for next interval...
2025-01-30 15:21:40,131 - INFO - Fetching historical data for BTCUSDT...
2025-01-30 15:21:43,820 - INFO - Historical data fetched successfully
2025-01-30 15:21:43,821 - INFO - Calculating trading signals...
2025-01-30 15:21:43,825 - INFO - Previous Signal: 1, Current Signal: 1
2025-01-30 15:21:43,825 - INFO - Waiting for next interval...
2025-01-30 15:22:43,829 - INFO - Fetching historical data for BTCUSDT...
2025-01-30 15:22:44,180 - INFO - Historical data fetched successfully
2025-01-30 15:22:44,182 - INFO - Calculating trading signals...
2025-01-30 15:22:44,190 - INFO - Previous Signal: 1, Current Signal: 1
2025-01-30 15:22:44,190 - INFO - Waiting for next interval...
2025-01-30 15:23:44,196 - INFO - Fetching historical data for BTCUSDT...
2025-01-30 15:23:44,524 - INFO - Historical data fetched successfully
2025-01-30 15:23:44,526 - INFO - Calculating trading signals...
2025-01-30 15:23:44,529 - INFO - Previous Signal: 1, Current Signal: 1
2025-01-30 15:23:44,529 - INFO - Waiting for next interval...
2025-01-30 15:24:44,532 - INFO - Fetching historical data for BTCUSDT...
2025-01-30 15:24:44,860 - INFO - Historical data fetched successfully
2025-01-30 15:24:44,861 - INFO - Calculating trading signals...
2025-01-30 15:24:44,864 - INFO - Previous Signal: 1, Current Signal: 1
2025-01-30 15:24:44,864 - INFO - Waiting for next interval...
2025-01-30 15:25:44,870 - INFO - Fetching historical data for BTCUSDT...
2025-01-30 15:25:45,201 - INFO - Historical data fetched successfully
2025-01-30 15:25:45,202 - INFO - Calculating trading signals...
2025-01-30 15:25:45,205 - INFO - Previous Signal: 1, Current Signal: 1
2025-01-30 15:25:45,205 - INFO - Waiting for next interval...
2025-01-30 15:26:45,211 - INFO - Fetching historical data for BTCUSDT...
2025-01-30 15:26:45,543 - INFO - Historical data fetched successfully
2025-01-30 15:26:45,544 - INFO - Calculating trading signals...
2025-01-30 15:26:45,547 - INFO - Previous Signal: 1, Current Signal: 1
2025-01-30 15:26:45,548 - INFO - Waiting for next interval...
2025-01-30 15:27:45,553 - INFO - Fetching historical data for BTCUSDT...
2025-01-30 15:27:45,878 - INFO - Historical data fetched successfully
2025-01-30 15:27:45,880 - INFO - Calculating trading signals...
2025-01-30 15:27:45,884 - INFO - Previous Signal: 1, Current Signal: 1
2025-01-30 15:27:45,884 - INFO - Waiting for next interval...
2025-01-30 15:28:45,886 - INFO - Fetching historical data for BTCUSDT...
2025-01-30 15:28:46,211 - INFO - Historical data fetched successfully
2025-01-30 15:28:46,213 - INFO - Calculating trading signals...
2025-01-30 15:28:46,216 - INFO - Previous Signal: 1, Current Signal: 1
2025-01-30 15:28:46,217 - INFO - Waiting for next interval...
2025-01-30 15:29:46,220 - INFO - Fetching historical data for BTCUSDT...
2025-01-30 15:29:46,552 - INFO - Historical data fetched successfully
2025-01-30 15:29:46,554 - INFO - Calculating trading signals...
2025-01-30 15:29:46,557 - INFO - Previous Signal: 1, Current Signal: 1
2025-01-30 15:29:46,557 - INFO - Waiting for next interval...
2025-01-30 15:30:46,563 - INFO - Fetching historical data for BTCUSDT...
2025-01-30 15:30:46,945 - INFO - Historical data fetched successfully
2025-01-30 15:30:46,946 - INFO - Calculating trading signals...
2025-01-30 15:30:46,950 - INFO - Previous Signal: 1, Current Signal: 1
2025-01-30 15:30:46,950 - INFO - Waiting for next interval...
2025-01-30 15:31:46,956 - INFO - Fetching historical data for BTCUSDT...
2025-01-30 15:31:47,283 - INFO - Historical data fetched successfully
2025-01-30 15:31:47,284 - INFO - Calculating trading signals...
2025-01-30 15:31:47,287 - INFO - Previous Signal: 1, Current Signal: 1
2025-01-30 15:31:47,287 - INFO - Waiting for next interval...
2025-01-30 15:32:47,293 - INFO - Fetching historical data for BTCUSDT...
2025-01-30 15:32:47,618 - INFO - Historical data fetched successfully
2025-01-30 15:32:47,619 - INFO - Calculating trading signals...
2025-01-30 15:32:47,622 - INFO - Previous Signal: 1, Current Signal: 1
2025-01-30 15:32:47,622 - INFO - Waiting for next interval...
2025-01-30 15:33:47,628 - INFO - Fetching historical data for BTCUSDT...
2025-01-30 15:33:47,955 - INFO - Historical data fetched successfully
2025-01-30 15:33:47,957 - INFO - Calculating trading signals...
2025-01-30 15:33:47,960 - INFO - Previous Signal: 1, Current Signal: 1
2025-01-30 15:33:47,960 - INFO - Waiting for next interval...
2025-01-30 15:34:47,978 - INFO - Fetching historical data for BTCUSDT...
2025-01-30 15:34:48,299 - INFO - Historical data fetched successfully
2025-01-30 15:34:48,301 - INFO - Calculating trading signals...
2025-01-30 15:34:48,303 - INFO - Previous Signal: 1, Current Signal: 1
2025-01-30 15:34:48,304 - INFO - Waiting for next interval...
2025-01-30 15:35:48,312 - INFO - Fetching historical data for BTCUSDT...
2025-01-30 15:35:48,650 - INFO - Historical data fetched successfully
2025-01-30 15:35:48,652 - INFO - Calculating trading signals...
2025-01-30 15:35:48,655 - INFO - Previous Signal: 1, Current Signal: 1
2025-01-30 15:35:48,655 - INFO - Waiting for next interval...
2025-01-30 15:36:48,661 - INFO - Fetching historical data for BTCUSDT...
2025-01-30 15:36:48,997 - INFO - Historical data fetched successfully
2025-01-30 15:36:48,998 - INFO - Calculating trading signals...
2025-01-30 15:36:49,002 - INFO - Previous Signal: 1, Current Signal: 1
2025-01-30 15:36:49,002 - INFO - Waiting for next interval...
2025-01-30 15:37:49,014 - INFO - Fetching historical data for BTCUSDT...
2025-01-30 15:37:49,796 - INFO - Historical data fetched successfully
2025-01-30 15:37:49,802 - INFO - Calculating trading signals...
2025-01-30 15:37:49,809 - INFO - Previous Signal: 1, Current Signal: 1
2025-01-30 15:37:49,809 - INFO - Waiting for next interval...
2025-01-30 15:38:49,824 - INFO - Fetching historical data for BTCUSDT...
2025-01-30 15:38:50,216 - INFO - Historical data fetched successfully
2025-01-30 15:38:50,223 - INFO - Calculating trading signals...
2025-01-30 15:38:50,230 - INFO - Previous Signal: 1, Current Signal: 1
2025-01-30 15:38:50,230 - INFO - Waiting for next interval...
2025-01-30 15:39:50,237 - INFO - Fetching historical data for BTCUSDT...
2025-01-30 15:39:50,570 - INFO - Historical data fetched successfully
2025-01-30 15:39:50,571 - INFO - Calculating trading signals...
2025-01-30 15:39:50,581 - INFO - Previous Signal: 1, Current Signal: 1
2025-01-30 15:39:50,581 - INFO - Waiting for next interval...
2025-01-30 15:40:50,587 - INFO - Fetching historical data for BTCUSDT...
2025-01-30 15:40:50,934 - INFO - Historical data fetched successfully
2025-01-30 15:40:50,936 - INFO - Calculating trading signals...
2025-01-30 15:40:50,955 - INFO - Previous Signal: 1, Current Signal: 1
2025-01-30 15:40:50,956 - INFO - Waiting for next interval...
2025-01-30 15:41:50,958 - INFO - Fetching historical data for BTCUSDT...
2025-01-30 15:41:51,278 - INFO - Historical data fetched successfully
2025-01-30 15:41:51,279 - INFO - Calculating trading signals...
2025-01-30 15:41:51,282 - INFO - Previous Signal: 1, Current Signal: 1
2025-01-30 15:41:51,282 - INFO - Waiting for next interval...
